\BOOKMARK [1][-]{section.1}{Introduction}{}% 1
\BOOKMARK [1][-]{section.2}{Problem definition}{}% 2
\BOOKMARK [2][-]{subsection.2.1}{Learning a word embedding space}{section.2}% 3
\BOOKMARK [2][-]{subsection.2.2}{Exploring properties of learned word embedding space}{section.2}% 4
\BOOKMARK [1][-]{section.3}{Experimental results}{}% 5
\BOOKMARK [2][-]{subsection.3.1}{Data}{section.3}% 6
\BOOKMARK [3][-]{subsubsection.3.1.1}{Training data}{subsection.3.1}% 7
\BOOKMARK [3][-]{subsubsection.3.1.2}{Test data}{subsection.3.1}% 8
\BOOKMARK [2][-]{subsection.3.2}{Results}{section.3}% 9
\BOOKMARK [3][-]{subsubsection.3.2.1}{Measuring linguistic regularity via analogies}{subsection.3.2}% 10
\BOOKMARK [3][-]{subsubsection.3.2.2}{Visualizing low dimensional approximations of embedding space}{subsection.3.2}% 11
\BOOKMARK [3][-]{subsubsection.3.2.3}{Finding analogical relations}{subsection.3.2}% 12
\BOOKMARK [1][-]{section.4}{Conclusion}{}% 13
\BOOKMARK [1][-]{section.5}{Experimental Results}{}% 14
\BOOKMARK [2][-]{subsection.5.1}{Evaluating Analogical-Reasoning on GoogleVec}{section.5}% 15
\BOOKMARK [2][-]{subsection.5.2}{Unsupervised Learning of Word Pair Relationships}{section.5}% 16
\BOOKMARK [2][-]{subsection.5.3}{Low rank approximations of word vectors}{section.5}% 17
\BOOKMARK [2][-]{subsection.5.4}{Exploring planar structure of analogical pairs}{section.5}% 18
\BOOKMARK [2][-]{subsection.5.5}{Comparing Models}{section.5}% 19
\BOOKMARK [1][-]{section.6}{Conclusion}{}% 20
